<?xml version="1.0" encoding="UTF-8"?>
<!-- Generated by org.testng.reporters.JUnitReportReporter -->
<testsuite skipped="0" hostname="Mansi-PC" name="autodemo.testcases.UserRegistrationTest" tests="1" failures="0" timestamp="2020-03-08T15:22:02 IST" time="13.500" errors="0">
  <testcase name="registerUser" time="13.500" classname="autodemo.testcases.UserRegistrationTest"/>
  <system-out/>
</testsuite> <!-- autodemo.testcases.UserRegistrationTest -->
