<?xml version="1.0" encoding="UTF-8"?>
<!-- Generated by org.testng.reporters.JUnitReportReporter -->
<testsuite skipped="0" hostname="Mansi-PC" name="autodemo.testcases.HomeLoginTest" tests="1" failures="0" timestamp="2020-03-10T12:20:59 IST" time="14.296" errors="0">
  <testcase name="loginTest" time="14.296" classname="autodemo.testcases.HomeLoginTest"/>
  <system-out/>
</testsuite> <!-- autodemo.testcases.HomeLoginTest -->
